15-Jul-2015 20:39:25	Web-Connector in HTTP mode running on port 7074
15-Jul-2015 20:43:08	Web-Connector in HTTP mode running on port 7074
15-Jul-2015 20:45:24	 Error: Exception while processing RMI: /recommend/getPlaylist
15-Jul-2015 20:45:24	 Error: Invocation request /favicon.ico for unknown service method
Aug 21, 2015 12:26:19 PM	Web-Connector in HTTP mode running on port 7078
Aug 21, 2015 12:33:56 PM	Web-Connector in HTTP mode running on port 7078
Aug 21, 2015 12:36:34 PM	Web-Connector in HTTP mode running on port 7078
Aug 21, 2015 12:37:58 PM	 Error: Exception while processing RMI: /recommend/pubtest
Aug 21, 2015 12:37:58 PM	 Error: Invocation request /favicon.ico for unknown service method
Aug 21, 2015 12:40:28 PM	 Error: Exception while processing RMI: /recommend/pubtest
Aug 21, 2015 12:40:47 PM	Web-Connector in HTTP mode running on port 7078
Aug 21, 2015 12:40:51 PM	 Error: Exception while processing RMI: /recommend/pubtest
Aug 21, 2015 12:44:04 PM	Web-Connector in HTTP mode running on port 7078
Aug 21, 2015 3:43:13 PM	Web-Connector in HTTP mode running on port 7078
Aug 21, 2015 3:47:38 PM	Web-Connector in HTTP mode running on port 7078
Aug 21, 2015 3:56:35 PM	Web-Connector in HTTP mode running on port 7078
Aug 21, 2015 4:02:10 PM	Web-Connector in HTTP mode running on port 7078
Aug 21, 2015 4:34:00 PM	Web-Connector in HTTP mode running on port 7078
Aug 21, 2015 4:44:41 PM	Web-Connector in HTTP mode running on port 7078
Aug 21, 2015 4:44:49 PM	 Error: Exception while processing RMI: /recommend/pubtest
Aug 21, 2015 4:46:06 PM	Web-Connector in HTTP mode running on port 7078
Aug 22, 2015 3:52:04 PM	Web-Connector in HTTP mode running on port 7078
Aug 22, 2015 3:54:17 PM	Web-Connector in HTTP mode running on port 7078
Aug 22, 2015 3:59:08 PM	Web-Connector in HTTP mode running on port 7078
Aug 22, 2015 4:33:55 PM	Web-Connector in HTTP mode running on port 7078
Aug 22, 2015 4:39:25 PM	Web-Connector in HTTP mode running on port 7078
Aug 22, 2015 4:42:12 PM	Web-Connector in HTTP mode running on port 7078
Aug 22, 2015 4:47:58 PM	Web-Connector in HTTP mode running on port 7078
Aug 22, 2015 4:49:50 PM	Web-Connector in HTTP mode running on port 7078
Aug 22, 2015 4:54:12 PM	Web-Connector in HTTP mode running on port 7078
Aug 22, 2015 5:04:07 PM	Web-Connector in HTTP mode running on port 7078
Aug 22, 2015 5:06:37 PM	Web-Connector in HTTP mode running on port 7078
Aug 22, 2015 5:09:31 PM	Web-Connector in HTTP mode running on port 7078
Aug 22, 2015 5:15:06 PM	Web-Connector in HTTP mode running on port 7078
Aug 22, 2015 11:25:06 PM	Web-Connector in HTTP mode running on port 7078
Aug 22, 2015 11:28:01 PM	Web-Connector in HTTP mode running on port 7078
Aug 22, 2015 11:33:18 PM	Web-Connector in HTTP mode running on port 7078
Aug 22, 2015 11:34:33 PM	Web-Connector in HTTP mode running on port 7078
Aug 22, 2015 11:37:45 PM	Web-Connector in HTTP mode running on port 7078
Aug 22, 2015 11:42:52 PM	Web-Connector in HTTP mode running on port 7078
Aug 23, 2015 12:37:32 AM	Web-Connector in HTTP mode running on port 7078
Aug 23, 2015 12:39:35 AM	Web-Connector in HTTP mode running on port 7078
Aug 23, 2015 12:46:34 AM	Web-Connector in HTTP mode running on port 7078
Aug 23, 2015 12:47:50 AM	Web-Connector in HTTP mode running on port 7078
Aug 23, 2015 12:49:08 AM	Web-Connector in HTTP mode running on port 7078
Aug 23, 2015 12:53:36 AM	Web-Connector in HTTP mode running on port 7078
Aug 23, 2015 12:57:29 AM	Web-Connector in HTTP mode running on port 7078
Aug 23, 2015 1:06:10 AM	Web-Connector in HTTP mode running on port 7078
Aug 23, 2015 1:12:18 AM	Web-Connector in HTTP mode running on port 7078
Aug 23, 2015 1:12:47 AM	Web-Connector in HTTP mode running on port 7078
Aug 23, 2015 11:56:05 AM	Web-Connector in HTTP mode running on port 7078
Aug 23, 2015 3:09:58 PM	Web-Connector in HTTP mode running on port 7078
Aug 23, 2015 3:15:28 PM	Web-Connector in HTTP mode running on port 7078
Aug 23, 2015 3:16:21 PM	Web-Connector in HTTP mode running on port 7078
Aug 23, 2015 3:26:08 PM	Web-Connector in HTTP mode running on port 7078
Aug 23, 2015 3:34:50 PM	Web-Connector in HTTP mode running on port 7078
Aug 23, 2015 3:39:10 PM	Web-Connector in HTTP mode running on port 7078
Aug 23, 2015 4:56:55 PM	Web-Connector in HTTP mode running on port 7078
